{"level":"info","message":"Running on master 20908 and now creating workers"}
{"level":"info","message":"Running on master 16560 and now creating workers"}
{"level":"info","message":"Requisição recebida na rota GET /grades"}
{"level":"info","message":"Resposta:"}
{"level":"info","message":[{"id":"4","name":"Top","school":"Dados"},{"id":"1","name":"Vitinho aluno","school":"Dados"},{"id":"3","name":"Teste Castro","school":"Tecnologia"}]}
{"level":"info","message":"Requisição recebida na rota GET /grades"}
{"level":"info","message":"Resposta:"}
{"level":"info","message":[{"id":"4","name":"Top","school":"Dados"},{"id":"1","name":"Vitinho aluno","school":"Dados"},{"id":"3","name":"Teste Castro","school":"Tecnologia"}]}
{"level":"info","message":"Requisição recebida na rota GET /grades"}
{"level":"info","message":"Resposta:"}
{"level":"info","message":[{"id":"4","name":"Top","school":"Dados"},{"id":"1","name":"Vitinho aluno","school":"Dados"},{"id":"3","name":"Teste Castro","school":"Tecnologia"}]}
{"level":"info","message":"Requisição recebida na rota GET /grades"}
{"level":"info","message":"Resposta:"}
{"level":"info","message":[{"id":"4","name":"Top","school":"Dados"},{"id":"1","name":"Vitinho aluno","school":"Dados"},{"id":"3","name":"Teste Castro","school":"Tecnologia"}]}
{"level":"info","message":"Requisição recebida na rota GET /grades"}
{"level":"info","message":"Resposta:"}
{"level":"info","message":[{"id":"4","name":"Top","school":"Dados"},{"id":"1","name":"Vitinho aluno","school":"Dados"},{"id":"3","name":"Teste Castro","school":"Tecnologia"}]}
{"level":"info","message":"Requisição recebida na rota GET /grades"}
{"level":"info","message":"Resposta:"}
{"level":"info","message":[{"id":"4","name":"Top","school":"Dados"},{"id":"1","name":"Vitinho aluno","school":"Dados"},{"id":"3","name":"Teste Castro","school":"Tecnologia"}]}
{"level":"info","message":"Requisição recebida na rota GET /grades"}
{"level":"info","message":"Resposta:"}
{"level":"info","message":[{"id":"4","name":"Top","school":"Dados"},{"id":"1","name":"Vitinho aluno","school":"Dados"},{"id":"3","name":"Teste Castro","school":"Tecnologia"}]}
{"level":"info","message":"Requisição recebida na rota GET /grades"}
{"level":"info","message":"Resposta:"}
{"level":"info","message":[{"id":"4","name":"Top","school":"Dados"},{"id":"1","name":"Vitinho aluno","school":"Dados"},{"id":"3","name":"Teste Castro","school":"Tecnologia"}]}
{"level":"info","message":"Requisição recebida na rota GET /grades"}
{"level":"info","message":"Resposta:"}
{"level":"info","message":[{"id":"4","name":"Top","school":"Dados"},{"id":"1","name":"Vitinho aluno","school":"Dados"},{"id":"3","name":"Teste Castro","school":"Tecnologia"}]}
{"level":"info","message":"Requisição recebida na rota GET /grades"}
{"level":"info","message":"Resposta:"}
{"level":"info","message":[{"id":"4","name":"Top","school":"Dados"},{"id":"1","name":"Vitinho aluno","school":"Dados"},{"id":"3","name":"Teste Castro","school":"Tecnologia"}]}
{"level":"info","message":"Requisição recebida na rota GET /grades"}
{"level":"info","message":"Resposta:"}
{"level":"info","message":[{"id":"4","name":"Top","school":"Dados"},{"id":"1","name":"Vitinho aluno","school":"Dados"},{"id":"3","name":"Teste Castro","school":"Tecnologia"}]}
{"level":"info","message":"Requisição recebida na rota GET /grades"}
{"level":"info","message":"Resposta:"}
{"level":"info","message":[{"id":"4","name":"Top","school":"Dados"},{"id":"1","name":"Vitinho aluno","school":"Dados"},{"id":"3","name":"Teste Castro","school":"Tecnologia"}]}
{"level":"info","message":"Requisição recebida na rota GET /grades"}
{"level":"info","message":"Resposta:"}
{"level":"info","message":[{"id":"4","name":"Top","school":"Dados"},{"id":"1","name":"Vitinho aluno","school":"Dados"},{"id":"3","name":"Teste Castro","school":"Tecnologia"}]}
{"level":"info","message":"Requisição recebida na rota GET /grades"}
{"level":"info","message":"Resposta:"}
{"level":"info","message":[{"id":"4","name":"Top","school":"Dados"},{"id":"1","name":"Vitinho aluno","school":"Dados"},{"id":"3","name":"Teste Castro","school":"Tecnologia"}]}
{"level":"info","message":"Requisição recebida na rota GET /grades"}
{"level":"info","message":"Resposta:"}
{"level":"info","message":[{"id":"4","name":"Top","school":"Dados"},{"id":"1","name":"Vitinho aluno","school":"Dados"},{"id":"3","name":"Teste Castro","school":"Tecnologia"}]}
{"level":"info","message":"Requisição recebida na rota GET /grades"}
{"level":"info","message":"Resposta:"}
{"level":"info","message":[{"id":"4","name":"Top","school":"Dados"},{"id":"1","name":"Vitinho aluno","school":"Dados"},{"id":"3","name":"Teste Castro","school":"Tecnologia"}]}
{"level":"info","message":"Requisição recebida na rota GET /grades"}
{"level":"info","message":"Resposta:"}
{"level":"info","message":[{"id":"4","name":"Top","school":"Dados"},{"id":"1","name":"Vitinho aluno","school":"Dados"},{"id":"3","name":"Teste Castro","school":"Tecnologia"}]}
{"level":"info","message":"Requisição recebida na rota GET /grades"}
{"level":"info","message":"Resposta:"}
{"level":"info","message":[{"id":"4","name":"Top","school":"Dados"},{"id":"1","name":"Vitinho aluno","school":"Dados"},{"id":"3","name":"Teste Castro","school":"Tecnologia"}]}
{"level":"info","message":"Requisição recebida na rota GET /grades"}
{"level":"info","message":"Resposta:"}
{"level":"info","message":[{"id":"4","name":"Top","school":"Dados"},{"id":"1","name":"Vitinho aluno","school":"Dados"},{"id":"3","name":"Teste Castro","school":"Tecnologia"}]}
{"level":"info","message":"Requisição recebida na rota GET /grades"}
{"level":"info","message":"Resposta:"}
{"level":"info","message":[{"id":"4","name":"Top","school":"Dados"},{"id":"1","name":"Vitinho aluno","school":"Dados"},{"id":"3","name":"Teste Castro","school":"Tecnologia"}]}
{"level":"info","message":"Requisição recebida na rota GET /grades"}
{"level":"info","message":"Resposta:"}
{"level":"info","message":[{"id":"4","name":"Top","school":"Dados"},{"id":"1","name":"Vitinho aluno","school":"Dados"},{"id":"3","name":"Teste Castro","school":"Tecnologia"}]}
{"level":"info","message":"Requisição recebida na rota GET /grades"}
{"level":"info","message":"Resposta:"}
{"level":"info","message":[{"id":"4","name":"Top","school":"Dados"},{"id":"1","name":"Vitinho aluno","school":"Dados"},{"id":"3","name":"Teste Castro","school":"Tecnologia"}]}
{"level":"info","message":"Requisição recebida na rota GET /grades"}
{"level":"info","message":"Resposta:"}
{"level":"info","message":[{"id":"4","name":"Top","school":"Dados"},{"id":"1","name":"Vitinho aluno","school":"Dados"},{"id":"3","name":"Teste Castro","school":"Tecnologia"}]}
{"level":"info","message":"Requisição recebida na rota GET /grades"}
{"level":"info","message":"Resposta:"}
{"level":"info","message":[{"id":"4","name":"Top","school":"Dados"},{"id":"1","name":"Vitinho aluno","school":"Dados"},{"id":"3","name":"Teste Castro","school":"Tecnologia"}]}
{"level":"info","message":"Requisição recebida na rota GET /grades"}
{"level":"info","message":"Resposta:"}
{"level":"info","message":[{"id":"4","name":"Top","school":"Dados"},{"id":"1","name":"Vitinho aluno","school":"Dados"},{"id":"3","name":"Teste Castro","school":"Tecnologia"}]}
{"level":"info","message":"Requisição recebida na rota POST /teacher/login"}
{"level":"info","message":{"email":"victorte1122s12t22e@gmail.com","password":"@Victo2r2"}}
{"level":"info","message":"Resposta:"}
{"level":"info","message":"eyJhbGciOiJIUzI1NiIsInR5cCI6IkpXVCJ9.eyJpZCI6IjQ1YWEyZjQ0LWQwODktNDViYi05MTRmLWI1ZGE5NzkzY2M5ZCIsIm5hbWUiOiJWaWN0b3IgQ2FzdDFybyIsImlhdCI6MTY5NDM3MzM4OCwiZXhwIjoxNjk0MzczNjg4fQ.9LhdKlt7zcip-mIQn_Ja0lcC_Uldok9GBFpd6oGvo84","success":true}
{"level":"info","message":"Requisição recebida na rota POST /teacher/login"}
{"level":"info","message":{"email":"1231","password":"@Victo2r2"}}
{"level":"info","message":"Requisição recebida na rota POST /teacher/login"}
{"level":"info","message":{"email":"1231@gmail.com","password":"@Victo2r2"}}
{"level":"info","message":"Requisição recebida na rota POST /teacher/login"}
{"level":"info","message":{"email":"1231@gmail.com","password":"@Victo2r2"}}
{"level":"info","message":"Requisição recebida na rota POST /teacher/login"}
{"level":"info","message":{"email":"1231@gmail.com","password":"@Victo2r2"}}
{"level":"info","message":"Requisição recebida na rota POST /teacher/login"}
{"level":"info","message":{"email":"1231@gmail.com","password":"@Victo2r2"}}
{"level":"info","message":"Requisição recebida na rota POST /teacher/login"}
{"level":"info","message":{"email":"112saj@gmail.com","password":"12214"}}
{"level":"info","message":"Requisição recebida na rota POST /teacher/login"}
{"level":"info","message":{"email":"112saj@gmail.com","password":"12214"}}
{"level":"info","message":"Requisição recebida na rota POST /teacher"}
{"level":"info","message":{"email":"victor@gmail.com","name":"Victor","password":"@Victor2512"}}
{"level":"info","message":"Respostas:"}
{"level":"info","message":"Criação do usuário enviado com sucesso","success":true}
{"level":"info","message":"Requisição recebida na rota GET /grades"}
{"level":"info","message":"Resposta:"}
{"level":"info","message":[{"id":"4","name":"Top","school":"Dados"},{"id":"1","name":"Vitinho aluno","school":"Dados"},{"id":"3","name":"Teste Castro","school":"Tecnologia"}]}
{"level":"info","message":"Requisição recebida na rota GET /grades"}
{"level":"info","message":"Resposta:"}
{"level":"info","message":[{"id":"4","name":"Top","school":"Dados"},{"id":"1","name":"Vitinho aluno","school":"Dados"},{"id":"3","name":"Teste Castro","school":"Tecnologia"}]}
{"level":"info","message":"Requisição recebida na rota GET /grades"}
{"level":"info","message":"Resposta:"}
{"level":"info","message":[{"id":"4","name":"Top","school":"Dados"},{"id":"1","name":"Vitinho aluno","school":"Dados"},{"id":"3","name":"Teste Castro","school":"Tecnologia"}]}
{"level":"info","message":"Requisição recebida na rota GET /grades"}
{"level":"info","message":"Resposta:"}
{"level":"info","message":[{"id":"4","name":"Top","school":"Dados"},{"id":"1","name":"Vitinho aluno","school":"Dados"},{"id":"3","name":"Teste Castro","school":"Tecnologia"}]}
{"level":"info","message":"Requisição recebida na rota GET /grades"}
{"level":"info","message":"Resposta:"}
{"level":"info","message":[{"id":"4","name":"Top","school":"Dados"},{"id":"1","name":"Vitinho aluno","school":"Dados"},{"id":"3","name":"Teste Castro","school":"Tecnologia"}]}
{"level":"info","message":"Requisição recebida na rota GET /grades"}
{"level":"info","message":"Resposta:"}
{"level":"info","message":[{"id":"4","name":"Top","school":"Dados"},{"id":"1","name":"Vitinho aluno","school":"Dados"},{"id":"3","name":"Teste Castro","school":"Tecnologia"}]}
{"level":"info","message":"Requisição recebida na rota GET /grades"}
{"level":"info","message":"Resposta:"}
{"level":"info","message":[{"id":"4","name":"Top","school":"Dados"},{"id":"1","name":"Vitinho aluno","school":"Dados"},{"id":"3","name":"Teste Castro","school":"Tecnologia"}]}
{"level":"info","message":"Requisição recebida na rota GET /grades"}
{"level":"info","message":"Resposta:"}
{"level":"info","message":[{"id":"4","name":"Top","school":"Dados"},{"id":"1","name":"Vitinho aluno","school":"Dados"},{"id":"3","name":"Teste Castro","school":"Tecnologia"}]}
{"level":"info","message":"Requisição recebida na rota GET /grades"}
{"level":"info","message":"Resposta:"}
{"level":"info","message":[{"id":"4","name":"Top","school":"Dados"},{"id":"1","name":"Vitinho aluno","school":"Dados"},{"id":"3","name":"Teste Castro","school":"Tecnologia"}]}
{"level":"info","message":"Requisição recebida na rota GET /grades"}
{"level":"info","message":"Resposta:"}
{"level":"info","message":[{"id":"4","name":"Top","school":"Dados"},{"id":"1","name":"Vitinho aluno","school":"Dados"},{"id":"3","name":"Teste Castro","school":"Tecnologia"}]}
{"level":"info","message":"Requisição recebida na rota GET /grades"}
{"level":"info","message":"Resposta:"}
{"level":"info","message":[{"id":"4","name":"Top","school":"Dados"},{"id":"1","name":"Vitinho aluno","school":"Dados"},{"id":"3","name":"Teste Castro","school":"Tecnologia"}]}
{"level":"info","message":"Requisição recebida na rota GET /grades"}
{"level":"info","message":"Resposta:"}
{"level":"info","message":[{"id":"4","name":"Top","school":"Dados"},{"id":"1","name":"Vitinho aluno","school":"Dados"},{"id":"3","name":"Teste Castro","school":"Tecnologia"}]}
{"level":"info","message":"Requisição recebida na rota GET /grades"}
{"level":"info","message":"Resposta:"}
{"level":"info","message":[{"id":"4","name":"Top","school":"Dados"},{"id":"1","name":"Vitinho aluno","school":"Dados"},{"id":"3","name":"Teste Castro","school":"Tecnologia"}]}
{"level":"info","message":"Requisição recebida na rota GET /grades"}
{"level":"info","message":"Resposta:"}
{"level":"info","message":[{"id":"4","name":"Top","school":"Dados"},{"id":"1","name":"Vitinho aluno","school":"Dados"},{"id":"3","name":"Teste Castro","school":"Tecnologia"}]}
{"level":"info","message":"Requisição recebida na rota GET /grades"}
{"level":"info","message":"Resposta:"}
{"level":"info","message":[{"id":"4","name":"Top","school":"Dados"},{"id":"1","name":"Vitinho aluno","school":"Dados"},{"id":"3","name":"Teste Castro","school":"Tecnologia"}]}
{"level":"info","message":"Requisição recebida na rota GET /grades"}
{"level":"info","message":"Resposta:"}
{"level":"info","message":[{"id":"4","name":"Top","school":"Dados"},{"id":"1","name":"Vitinho aluno","school":"Dados"},{"id":"3","name":"Teste Castro","school":"Tecnologia"}]}
{"level":"info","message":"Requisição recebida na rota GET /grades"}
{"level":"info","message":"Resposta:"}
{"level":"info","message":[{"id":"4","name":"Top","school":"Dados"},{"id":"1","name":"Vitinho aluno","school":"Dados"},{"id":"3","name":"Teste Castro","school":"Tecnologia"}]}
{"level":"info","message":"Requisição recebida na rota GET /grades"}
{"level":"info","message":"Resposta:"}
{"level":"info","message":[{"id":"4","name":"Top","school":"Dados"},{"id":"1","name":"Vitinho aluno","school":"Dados"},{"id":"3","name":"Teste Castro","school":"Tecnologia"}]}
{"level":"info","message":"Requisição recebida na rota GET /grades"}
{"level":"info","message":{}}
{"level":"info","message":"Resposta:"}
{"level":"info","message":[{"id":"4","name":"Top","school":"Dados"},{"id":"1","name":"Vitinho aluno","school":"Dados"},{"id":"2","name":"Marilza Castro","school":"Dados"}]}
{"level":"info","message":"Requisição recebida na rota GET /grades"}
{"level":"info","message":{}}
{"level":"info","message":"Resposta:"}
{"level":"info","message":[{"id":"4","name":"Top","school":"Dados"},{"id":"1","name":"Vitinho aluno","school":"Dados"},{"id":"2","name":"Marilza Castro","school":"Dados"}]}
{"level":"info","message":"Requisição recebida na rota GET /grades"}
{"level":"info","message":{}}
{"level":"info","message":"Resposta:"}
{"level":"info","message":[{"id":"4","name":"Top","school":"Dados"},{"id":"1","name":"Vitinho aluno","school":"Dados"},{"id":"2","name":"Marilza Castro","school":"Dados"}]}
{"level":"info","message":"Requisição recebida na rota GET /grades"}
{"level":"info","message":"Resposta:"}
{"level":"info","message":[{"id":"4","name":"Top","school":"Dados"},{"id":"1","name":"Vitinho aluno","school":"Dados"},{"id":"3","name":"Teste Castro","school":"Tecnologia"}]}
{"level":"info","message":"Requisição recebida na rota GET /grades"}
{"level":"info","message":"Resposta:"}
{"level":"info","message":[{"id":"4","name":"Top","school":"Dados"},{"id":"1","name":"Vitinho aluno","school":"Dados"},{"id":"3","name":"Teste Castro","school":"Tecnologia"}]}
{"level":"info","message":"Requisição recebida na rota GET /grades"}
{"level":"info","message":"Resposta:"}
{"level":"info","message":[{"id":"4","name":"Top","school":"Dados"},{"id":"1","name":"Vitinho aluno","school":"Dados"},{"id":"3","name":"Teste Castro","school":"Tecnologia"}]}
{"level":"info","message":"Requisição recebida na rota GET /grades"}
{"level":"info","message":{}}
{"level":"info","message":"Resposta:"}
{"level":"info","message":[{"id":"4","name":"Top","school":"Dados"},{"id":"1","name":"Vitinho aluno","school":"Dados"},{"id":"2","name":"Marilza Castro","school":"Dados"}]}
{"level":"info","message":"Requisição recebida na rota GET /grades"}
{"level":"info","message":{}}
{"level":"info","message":"Resposta:"}
{"level":"info","message":[{"id":"4","name":"Top","school":"Dados"},{"id":"1","name":"Vitinho aluno","school":"Dados"},{"id":"2","name":"Marilza Castro","school":"Dados"}]}
{"level":"info","message":"Requisição recebida na rota GET /grades"}
{"level":"info","message":"Resposta:"}
{"level":"info","message":[{"id":"4","name":"Top","school":"Dados"},{"id":"1","name":"Vitinho aluno","school":"Dados"},{"id":"3","name":"Teste Castro","school":"Tecnologia"}]}
{"level":"info","message":"Requisição recebida na rota GET /grades"}
{"level":"info","message":{}}
{"level":"info","message":"Resposta:"}
{"level":"info","message":[]}
{"level":"info","message":"Requisição recebida na rota GET /grades"}
{"level":"info","message":{}}
{"level":"info","message":"Resposta:"}
{"level":"info","message":[{"id":"3","name":"Teste Castro","school":"Tecnologia"}]}
{"level":"info","message":"Requisição recebida na rota GET /grades"}
{"level":"info","message":{}}
{"level":"info","message":"Resposta:"}
{"level":"info","message":[{"id":"4","name":"Top","school":"Dados"},{"id":"1","name":"Vitinho aluno","school":"Dados"},{"id":"2","name":"Marilza Castro","school":"Dados"}]}
{"level":"info","message":"Requisição recebida na rota GET /grades"}
{"level":"info","message":{}}
{"level":"info","message":"Resposta:"}
{"level":"info","message":[{"id":"3","name":"Teste Castro","school":"Tecnologia"}]}
{"level":"info","message":"Requisição recebida na rota GET /grades"}
{"level":"info","message":{}}
{"level":"info","message":"Resposta:"}
{"level":"info","message":[]}
{"level":"info","message":"Requisição recebida na rota GET /grades"}
{"level":"info","message":{}}
{"level":"info","message":"Resposta:"}
{"level":"info","message":[{"id":"4","name":"Top","school":"Dados"},{"id":"1","name":"Vitinho aluno","school":"Dados"},{"id":"2","name":"Marilza Castro","school":"Dados"}]}
{"level":"info","message":"Requisição recebida na rota GET /grades"}
{"level":"info","message":"Resposta:"}
{"level":"info","message":[{"id":"4","name":"Top","school":"Dados"},{"id":"1","name":"Vitinho aluno","school":"Dados"},{"id":"3","name":"Teste Castro","school":"Tecnologia"}]}
{"level":"info","message":"Requisição recebida na rota GET /grades"}
{"level":"info","message":"Resposta:"}
{"level":"info","message":[{"id":"4","name":"Top","school":"Dados"},{"id":"1","name":"Vitinho aluno","school":"Dados"},{"id":"3","name":"Teste Castro","school":"Tecnologia"}]}
{"level":"info","message":"Requisição recebida na rota GET /grades"}
{"level":"info","message":"Resposta:"}
{"level":"info","message":[{"id":"4","name":"Top","school":"Dados"},{"id":"1","name":"Vitinho aluno","school":"Dados"},{"id":"3","name":"Teste Castro","school":"Tecnologia"}]}
{"level":"info","message":"Requisição recebida na rota GET /grades"}
{"level":"info","message":{}}
{"level":"info","message":"Resposta:"}
{"level":"info","message":[{"id":"4","name":"Top","school":"Dados"},{"id":"1","name":"Vitinho aluno","school":"Dados"},{"id":"2","name":"Marilza Castro","school":"Dados"}]}
{"level":"info","message":"Requisição recebida na rota GET /grades"}
{"level":"info","message":{}}
{"level":"info","message":"Resposta:"}
{"level":"info","message":[{"id":"3","name":"Teste Castro","school":"Tecnologia"}]}
{"level":"info","message":"Requisição recebida na rota GET /grades"}
{"level":"info","message":{}}
{"level":"info","message":"Resposta:"}
{"level":"info","message":[]}
{"level":"info","message":"Requisição recebida na rota GET /grades"}
{"level":"info","message":{}}
{"level":"info","message":"Resposta:"}
{"level":"info","message":[{"id":"4","name":"Top","school":"Dados"},{"id":"1","name":"Vitinho aluno","school":"Dados"},{"id":"2","name":"Marilza Castro","school":"Dados"}]}
{"level":"info","message":"Requisição recebida na rota GET /grades"}
{"level":"info","message":"Resposta:"}
{"level":"info","message":[{"id":"4","name":"Top","school":"Dados"},{"id":"1","name":"Vitinho aluno","school":"Dados"},{"id":"3","name":"Teste Castro","school":"Tecnologia"}]}
{"level":"info","message":"Requisição recebida na rota GET /grades"}
{"level":"info","message":{}}
{"level":"info","message":"Resposta:"}
{"level":"info","message":[{"id":"4","name":"Top","school":"Dados"},{"id":"1","name":"Vitinho aluno","school":"Dados"},{"id":"2","name":"Marilza Castro","school":"Dados"}]}
{"level":"info","message":"Requisição recebida na rota GET /grades"}
{"level":"info","message":{}}
{"level":"info","message":"Resposta:"}
{"level":"info","message":[{"id":"3","name":"Teste Castro","school":"Tecnologia"}]}
{"level":"info","message":"Requisição recebida na rota GET /grades"}
{"level":"info","message":{}}
{"level":"info","message":"Resposta:"}
{"level":"info","message":[]}
